Error: file `.' not found
/home/charlie/Desktop/A-Maz-Ing.bak/Circle.hpp:12: warning: Member texture (variable) of class Circle is not documented.
/home/charlie/Desktop/A-Maz-Ing.bak/Circle.hpp:13: warning: Member sprite (variable) of class Circle is not documented.
/home/charlie/Desktop/A-Maz-Ing.bak/Grid.hpp:15: warning: Member startX (variable) of class Grid is not documented.
/home/charlie/Desktop/A-Maz-Ing.bak/Grid.hpp:15: warning: Member startY (variable) of class Grid is not documented.
/home/charlie/Desktop/A-Maz-Ing.bak/Grid.hpp:15: warning: Member endX (variable) of class Grid is not documented.
/home/charlie/Desktop/A-Maz-Ing.bak/Grid.hpp:15: warning: Member endY (variable) of class Grid is not documented.
/home/charlie/Desktop/A-Maz-Ing.bak/Item.hpp:12: warning: Member x (variable) of class Item is not documented.
/home/charlie/Desktop/A-Maz-Ing.bak/Item.hpp:12: warning: Member y (variable) of class Item is not documented.
/home/charlie/Desktop/A-Maz-Ing.bak/Item.hpp:18: warning: Member texture (variable) of class Item is not documented.
/home/charlie/Desktop/A-Maz-Ing.bak/Item.hpp:19: warning: Member sprite (variable) of class Item is not documented.
/home/charlie/Desktop/A-Maz-Ing.bak/Item.hpp:12: warning: Member x (variable) of class Item is not documented.
/home/charlie/Desktop/A-Maz-Ing.bak/Item.hpp:12: warning: Member y (variable) of class Item is not documented.
/home/charlie/Desktop/A-Maz-Ing.bak/Item.hpp:18: warning: Member texture (variable) of class Item is not documented.
/home/charlie/Desktop/A-Maz-Ing.bak/Item.hpp:19: warning: Member sprite (variable) of class Item is not documented.
/home/charlie/Desktop/A-Maz-Ing.bak/Player.hpp:43: warning: Member getPositionX() (function) of class Player is not documented.
/home/charlie/Desktop/A-Maz-Ing.bak/Player.hpp:44: warning: Member getPositionY() (function) of class Player is not documented.
/home/charlie/Desktop/A-Maz-Ing.bak/Player.hpp:45: warning: Member getWidth() (function) of class Player is not documented.
/home/charlie/Desktop/A-Maz-Ing.bak/Player.hpp:46: warning: Member getHeight() (function) of class Player is not documented.
/home/charlie/Desktop/A-Maz-Ing.bak/Player.hpp:14: warning: Member x (variable) of class Player is not documented.
/home/charlie/Desktop/A-Maz-Ing.bak/Player.hpp:14: warning: Member y (variable) of class Player is not documented.
/home/charlie/Desktop/A-Maz-Ing.bak/Player.hpp:17: warning: Member texture (variable) of class Player is not documented.
/home/charlie/Desktop/A-Maz-Ing.bak/Player.hpp:18: warning: Member dimension (variable) of class Player is not documented.
/home/charlie/Desktop/A-Maz-Ing.bak/Player.hpp:19: warning: Member sprite (variable) of class Player is not documented.
/home/charlie/Desktop/A-Maz-Ing.bak/Item.hpp:12: warning: Member x (variable) of class Item is not documented.
/home/charlie/Desktop/A-Maz-Ing.bak/Item.hpp:12: warning: Member y (variable) of class Item is not documented.
/home/charlie/Desktop/A-Maz-Ing.bak/Item.hpp:18: warning: Member texture (variable) of class Item is not documented.
/home/charlie/Desktop/A-Maz-Ing.bak/Item.hpp:19: warning: Member sprite (variable) of class Item is not documented.
Searching for include files...
Searching for example files...
Searching for images...
Searching for dot files...
Searching for msc files...
Searching for dia files...
Searching for files to exclude
Searching for files to process...
Searching for files in directory /home/charlie/Desktop/A-Maz-Ing.bak
Reading and parsing tag files
Parsing files
Preprocessing /home/charlie/Desktop/A-Maz-Ing.bak/Circle.cpp...
Parsing file /home/charlie/Desktop/A-Maz-Ing.bak/Circle.cpp...
Preprocessing /home/charlie/Desktop/A-Maz-Ing.bak/Circle.hpp...
Parsing file /home/charlie/Desktop/A-Maz-Ing.bak/Circle.hpp...
Preprocessing /home/charlie/Desktop/A-Maz-Ing.bak/Grid.cpp...
Parsing file /home/charlie/Desktop/A-Maz-Ing.bak/Grid.cpp...
Preprocessing /home/charlie/Desktop/A-Maz-Ing.bak/Grid.hpp...
Parsing file /home/charlie/Desktop/A-Maz-Ing.bak/Grid.hpp...
Preprocessing /home/charlie/Desktop/A-Maz-Ing.bak/Item.cpp...
Parsing file /home/charlie/Desktop/A-Maz-Ing.bak/Item.cpp...
Preprocessing /home/charlie/Desktop/A-Maz-Ing.bak/Item.hpp...
Parsing file /home/charlie/Desktop/A-Maz-Ing.bak/Item.hpp...
Reading /home/charlie/Desktop/A-Maz-Ing.bak/LICENSE.md...
Preprocessing /home/charlie/Desktop/A-Maz-Ing.bak/main.cpp...
Parsing file /home/charlie/Desktop/A-Maz-Ing.bak/main.cpp...
Preprocessing /home/charlie/Desktop/A-Maz-Ing.bak/Player.cpp...
Parsing file /home/charlie/Desktop/A-Maz-Ing.bak/Player.cpp...
Preprocessing /home/charlie/Desktop/A-Maz-Ing.bak/Player.hpp...
Parsing file /home/charlie/Desktop/A-Maz-Ing.bak/Player.hpp...
Reading /home/charlie/Desktop/A-Maz-Ing.bak/README.md...
Building group list...
Building directory list...
Building namespace list...
Building file list...
Building class list...
Associating documentation with classes...
Computing nesting relations for classes...
Building example list...
Searching for enumerations...
Searching for documented typedefs...
Searching for members imported via using declarations...
Searching for included using directives...
Searching for documented variables...
Building interface member list...
Building member list...
Searching for friends...
Searching for documented defines...
Computing class inheritance relations...
Computing class usage relations...
Flushing cached template relations that have become invalid...
Creating members for template instances...
Computing class relations...
Add enum values to enums...
Searching for member function documentation...
Building page list...
Search for main page...
Computing page relations...
Determining the scope of groups...
Sorting lists...
Freeing entry tree
Determining which enums are documented
Computing member relations...
Building full member lists recursively...
Adding members to member groups.
Computing member references...
Inheriting documentation...
Generating disk names...
Adding source references...
Adding xrefitems...
Sorting member lists...
Computing dependencies between directories...
Generating citations page...
Counting data structures...
Resolving user defined references...
Finding anchors and sections in the documentation...
Transferring function references...
Combining using relations...
Adding members to index pages...
Generating style sheet...
Generating search indices...
Generating example documentation...
Generating file sources...
Generating code for file Circle.hpp...
Generating code for file Grid.hpp...
Generating code for file Item.hpp...
Generating code for file Player.hpp...
Generating file documentation...
Generating page documentation...
Generating docs for page md_LICENSE...
Generating docs for page md_README...
Generating group documentation...
Generating class documentation...
Generating docs for compound Circle...
Generating docs for compound Grid...
Generating docs for compound Item...
Generating docs for compound Path...
Generating docs for compound Player...
Generating docs for compound Wall...
Generating namespace index...
Generating graph info page...
Generating directory documentation...
Generating index page...
Generating page index...
Generating module index...
Generating namespace index...
Generating namespace member index...
Generating annotated compound index...
Generating alphabetical compound index...
Generating hierarchical class index...
Generating graphical class hierarchy...
Generating member index...
Generating file index...
Generating file member index...
Generating example index...
finalizing index lists...
writing tag file...
Running dot...
lookup cache used 41/65536 hits=211 misses=43
finished...
